Arguments: 
  /Users/jonathannacionales/.nvm/versions/node/v12.16.0/bin/node /Users/jonathannacionales/.yarn/bin/yarn.js add redux immutablejs mocha chai

PATH: 
  /Users/jonathannacionales/.rvm/gems/ruby-2.6.3/bin:/Users/jonathannacionales/.rvm/gems/ruby-2.6.3@global/bin:/Users/jonathannacionales/.rvm/rubies/ruby-2.6.3/bin:/Users/jonathannacionales/Library/Python/3.7/bin:/Users/jonathannacionales/.yarn/bin:/Users/jonathannacionales/.config/yarn/global/node_modules/.bin:/Users/jonathannacionales/.cargo/bin:/opt/local/bin:/opt/local/sbin:/Users/jonathannacionales/.nvm/versions/node/v12.16.0/bin:/usr/local/bin:/Users/jonathannacionales/Library/Android/sdk/platform-tools/:/Users/jonathannacionales/npm/bin:/Users/jonathannacionales/anaconda/bin:/usr/local/bin:/usr/bin:/bin:/usr/sbin:/sbin:/Library/TeX/texbin:/usr/local/go/bin:/usr/local/share/dotnet:/opt/X11/bin:/Users/jonathannacionales/Code/emsdk:/Users/jonathannacionales/Code/emsdk/fastcomp/emscripten:/Users/jonathannacionales/Code/emsdk/node/12.9.1_64bit/bin:/Users/jonathannacionales/.rvm/bin

Yarn version: 
  1.17.3

Node version: 
  12.16.0

Platform: 
  darwin x64

Trace: 
  Error: https://registry.npmjs.org/immutablejs: Not found
      at Request.params.callback [as _callback] (/Users/jonathannacionales/.yarn/lib/cli.js:66830:18)
      at Request.self.callback (/Users/jonathannacionales/.yarn/lib/cli.js:140464:22)
      at Request.emit (events.js:321:20)
      at Request.<anonymous> (/Users/jonathannacionales/.yarn/lib/cli.js:141436:10)
      at Request.emit (events.js:321:20)
      at IncomingMessage.<anonymous> (/Users/jonathannacionales/.yarn/lib/cli.js:141358:12)
      at Object.onceWrapper (events.js:427:28)
      at IncomingMessage.emit (events.js:333:22)
      at endReadableNT (_stream_readable.js:1204:12)
      at processTicksAndRejections (internal/process/task_queues.js:84:21)

npm manifest: 
  {
    "name": "user_story_experiment",
    "version": "1.0.0",
    "main": "index.js",
    "license": "MIT"
  }

yarn manifest: 
  No manifest

Lockfile: 
  No lockfile
